This file contains any messages produced by compilers while
running configure, to aid debugging if configure makes a mistake.

It was created by libbds configure 0.0.0, which was
generated by GNU Autoconf 2.69.  Invocation command line was

  $ ./configure 

## --------- ##
## Platform. ##
## --------- ##

hostname = wrangler.crucible.ddns.net
uname -m = x86_64
uname -r = 4.4.38
uname -s = Linux
uname -v = #1 SMP Sun Dec 11 16:03:41 CST 2016

/usr/bin/uname -p = AMD FX(tm)-8350 Eight-Core Processor
/bin/uname -X     = unknown

/bin/arch              = x86_64
/usr/bin/arch -k       = unknown
/usr/convex/getsysinfo = unknown
/usr/bin/hostinfo      = unknown
/bin/machine           = unknown
/usr/bin/oslevel       = unknown
/bin/universe          = unknown

PATH: /home/grahajs1/codes/slacktools
PATH: /home/grahajs1/bin
PATH: /opt/visit/bin
PATH: /opt/tecplot/2013/bin
PATH: /opt/noip/bin
PATH: /opt/linaro/gcc-6.2.1-2016.11-x86_64_arm-linux-gnueabihf/bin
PATH: /opt/intel/fpga-lite/16.1/quartus/bin
PATH: /usr/local/cuda/8.0/samples/bin/x86_64/linux/release
PATH: /usr/local/cuda/8.0/bin
PATH: /usr/local/bin
PATH: /usr/bin
PATH: /bin
PATH: /usr/games
PATH: /opt/dislin/10.6/bin
PATH: /usr/lib64/java/bin
PATH: /usr/lib64/java/jre/bin
PATH: /usr/lib64/qt/bin
PATH: /usr/lib64/qt5/bin
PATH: /opt/VirtualGL/bin
PATH: /opt/forza-stack-2.2/bin
PATH: /opt/forza-stack-2.2/mpi/openmpi/bin


## ----------- ##
## Core tests. ##
## ----------- ##

configure:2335: checking for a BSD-compatible install
configure:2403: result: /usr/bin/ginstall -c
configure:2414: checking whether build environment is sane
configure:2469: result: yes
configure:2620: checking for a thread-safe mkdir -p
configure:2659: result: /usr/bin/mkdir -p
configure:2666: checking for gawk
configure:2682: found /usr/bin/gawk
configure:2693: result: gawk
configure:2704: checking whether make sets $(MAKE)
configure:2726: result: yes
configure:2755: checking whether make supports nested variables
configure:2772: result: yes
configure:2911: checking whether to enable maintainer-specific portions of Makefiles
configure:2920: result: no
configure:2937: checking whether make sets $(MAKE)
configure:2959: result: yes
configure:3022: checking for gcc
configure:3038: found /usr/bin/gcc
configure:3049: result: gcc
configure:3278: checking for C compiler version
configure:3287: gcc --version >&5
gcc (GCC) 5.3.0
Copyright (C) 2015 Free Software Foundation, Inc.
This is free software; see the source for copying conditions.  There is NO
warranty; not even for MERCHANTABILITY or FITNESS FOR A PARTICULAR PURPOSE.

configure:3298: $? = 0
configure:3287: gcc -v >&5
Reading specs from /usr/lib64/gcc/x86_64-slackware-linux/5.3.0/specs
COLLECT_GCC=gcc
COLLECT_LTO_WRAPPER=/usr/libexec/gcc/x86_64-slackware-linux/5.3.0/lto-wrapper
Target: x86_64-slackware-linux
Configured with: ../gcc-5.3.0/configure --prefix=/usr --libdir=/usr/lib64 --mandir=/usr/man --infodir=/usr/info --enable-shared --enable-bootstrap --enable-languages=ada,c,c++,fortran,go,java,lto,objc --enable-threads=posix --enable-checking=release --enable-objc-gc --with-system-zlib --with-python-dir=/lib64/python2.7/site-packages --enable-libstdcxx-dual-abi --with-default-libstdcxx-abi=gcc4-compatible --disable-libunwind-exceptions --enable-__cxa_atexit --enable-libssp --enable-lto --disable-install-libiberty --with-gnu-ld --verbose --enable-java-home --with-java-home=/usr/lib64/jvm/jre --with-jvm-root-dir=/usr/lib64/jvm --with-jvm-jar-dir=/usr/lib64/jvm/jvm-exports --with-arch-directory=amd64 --with-antlr-jar=/home/slackware/slackbuilds/gcc/antlr-runtime-3.4.jar --enable-multilib --target=x86_64-slackware-linux --build=x86_64-slackware-linux --host=x86_64-slackware-linux
Thread model: posix
gcc version 5.3.0 (GCC) 
configure:3298: $? = 0
configure:3287: gcc -V >&5
gcc: error: unrecognized command line option '-V'
gcc: fatal error: no input files
compilation terminated.
configure:3298: $? = 1
configure:3287: gcc -qversion >&5
gcc: error: unrecognized command line option '-qversion'
gcc: fatal error: no input files
compilation terminated.
configure:3298: $? = 1
configure:3318: checking whether the C compiler works
configure:3340: gcc    conftest.c  >&5
configure:3344: $? = 0
configure:3392: result: yes
configure:3395: checking for C compiler default output file name
configure:3397: result: a.out
configure:3403: checking for suffix of executables
configure:3410: gcc -o conftest    conftest.c  >&5
configure:3414: $? = 0
configure:3436: result: 
configure:3458: checking whether we are cross compiling
configure:3466: gcc -o conftest    conftest.c  >&5
configure:3470: $? = 0
configure:3477: ./conftest
configure:3481: $? = 0
configure:3496: result: no
configure:3501: checking for suffix of object files
configure:3523: gcc -c   conftest.c >&5
configure:3527: $? = 0
configure:3548: result: o
configure:3552: checking whether we are using the GNU C compiler
configure:3571: gcc -c   conftest.c >&5
configure:3571: $? = 0
configure:3580: result: yes
configure:3589: checking whether gcc accepts -g
configure:3609: gcc -c -g  conftest.c >&5
configure:3609: $? = 0
configure:3650: result: yes
configure:3667: checking for gcc option to accept ISO C89
configure:3730: gcc  -c -g -O2  conftest.c >&5
configure:3730: $? = 0
configure:3743: result: none needed
configure:3768: checking whether gcc understands -c and -o together
configure:3790: gcc -c conftest.c -o conftest2.o
configure:3793: $? = 0
configure:3790: gcc -c conftest.c -o conftest2.o
configure:3793: $? = 0
configure:3805: result: yes
configure:3833: checking for style of include used by make
configure:3861: result: GNU
configure:3887: checking dependency style of gcc
configure:3998: result: gcc3
configure:4019: checking how to run the C preprocessor
configure:4050: gcc -E  conftest.c
configure:4050: $? = 0
configure:4064: gcc -E  conftest.c
conftest.c:11:28: fatal error: ac_nonexistent.h: No such file or directory
compilation terminated.
configure:4064: $? = 1
configure: failed program was:
| /* confdefs.h */
| #define PACKAGE_NAME "libbds"
| #define PACKAGE_TARNAME "libbds"
| #define PACKAGE_VERSION "0.0.0"
| #define PACKAGE_STRING "libbds 0.0.0"
| #define PACKAGE_BUGREPORT "jgraha8@gmail.com"
| #define PACKAGE_URL ""
| #define PACKAGE "libbds"
| #define VERSION "0.0.0"
| /* end confdefs.h.  */
| #include <ac_nonexistent.h>
configure:4089: result: gcc -E
configure:4109: gcc -E  conftest.c
configure:4109: $? = 0
configure:4123: gcc -E  conftest.c
conftest.c:11:28: fatal error: ac_nonexistent.h: No such file or directory
compilation terminated.
configure:4123: $? = 1
configure: failed program was:
| /* confdefs.h */
| #define PACKAGE_NAME "libbds"
| #define PACKAGE_TARNAME "libbds"
| #define PACKAGE_VERSION "0.0.0"
| #define PACKAGE_STRING "libbds 0.0.0"
| #define PACKAGE_BUGREPORT "jgraha8@gmail.com"
| #define PACKAGE_URL ""
| #define PACKAGE "libbds"
| #define VERSION "0.0.0"
| /* end confdefs.h.  */
| #include <ac_nonexistent.h>
configure:4156: checking for gawk
configure:4183: result: gawk
configure:4195: checking whether ln -s works
configure:4199: result: yes
configure:4236: checking build system type
configure:4250: result: x86_64-unknown-linux-gnu
configure:4270: checking host system type
configure:4283: result: x86_64-unknown-linux-gnu
configure:4324: checking how to print strings
configure:4351: result: printf
configure:4372: checking for a sed that does not truncate output
configure:4436: result: /usr/bin/sed
configure:4454: checking for grep that handles long lines and -e
configure:4512: result: /usr/bin/grep
configure:4517: checking for egrep
configure:4579: result: /usr/bin/grep -E
configure:4584: checking for fgrep
configure:4646: result: /usr/bin/grep -F
configure:4681: checking for ld used by gcc
configure:4748: result: /usr/x86_64-slackware-linux/bin/ld
configure:4755: checking if the linker (/usr/x86_64-slackware-linux/bin/ld) is GNU ld
configure:4770: result: yes
configure:4782: checking for BSD- or MS-compatible name lister (nm)
configure:4836: result: /usr/bin/nm -B
configure:4966: checking the name lister (/usr/bin/nm -B) interface
configure:4973: gcc -c -g -O2  conftest.c >&5
configure:4976: /usr/bin/nm -B "conftest.o"
configure:4979: output
0000000000000000 B some_variable
configure:4986: result: BSD nm
configure:4990: checking the maximum length of command line arguments
configure:5121: result: 1572864
configure:5169: checking how to convert x86_64-unknown-linux-gnu file names to x86_64-unknown-linux-gnu format
configure:5209: result: func_convert_file_noop
configure:5216: checking how to convert x86_64-unknown-linux-gnu file names to toolchain format
configure:5236: result: func_convert_file_noop
configure:5243: checking for /usr/x86_64-slackware-linux/bin/ld option to reload object files
configure:5250: result: -r
configure:5324: checking for objdump
configure:5340: found /usr/bin/objdump
configure:5351: result: objdump
configure:5383: checking how to recognize dependent libraries
configure:5583: result: pass_all
configure:5668: checking for dlltool
configure:5684: found /usr/bin/dlltool
configure:5695: result: dlltool
configure:5728: checking how to associate runtime and link libraries
configure:5755: result: printf %s\n
configure:5816: checking for ar
configure:5832: found /usr/bin/ar
configure:5843: result: ar
configure:5880: checking for archiver @FILE support
configure:5897: gcc -c -g -O2  conftest.c >&5
configure:5897: $? = 0
configure:5900: ar cru libconftest.a @conftest.lst >&5
configure:5903: $? = 0
configure:5908: ar cru libconftest.a @conftest.lst >&5
ar: conftest.o: No such file or directory
configure:5911: $? = 1
configure:5923: result: @
configure:5981: checking for strip
configure:5997: found /usr/bin/strip
configure:6008: result: strip
configure:6080: checking for ranlib
configure:6096: found /usr/bin/ranlib
configure:6107: result: ranlib
configure:6209: checking command to parse /usr/bin/nm -B output from gcc object
configure:6362: gcc -c -g -O2  conftest.c >&5
configure:6365: $? = 0
configure:6369: /usr/bin/nm -B conftest.o \| sed -n -e 's/^.*[ ]\([ABCDGIRSTW][ABCDGIRSTW]*\)[ ][ ]*\([_A-Za-z][_A-Za-z0-9]*\)$/\1 \2 \2/p' | sed '/ __gnu_lto/d' \> conftest.nm
configure:6372: $? = 0
configure:6438: gcc -o conftest -g -O2   conftest.c conftstm.o >&5
configure:6441: $? = 0
configure:6479: result: ok
configure:6526: checking for sysroot
configure:6556: result: no
configure:6563: checking for a working dd
configure:6601: result: /usr/bin/dd
configure:6605: checking how to truncate binary pipes
configure:6620: result: /usr/bin/dd bs=4096 count=1
configure:6756: gcc -c -g -O2  conftest.c >&5
configure:6759: $? = 0
configure:6949: checking for mt
configure:6965: found /bin/mt
configure:6976: result: mt
configure:6999: checking if mt is a manifest tool
configure:7005: mt '-?'
usage: mt [-v] [--version] [-h] [ -f device ] command [ count ]
configure:7013: result: no
configure:7686: checking for ANSI C header files
configure:7706: gcc -c -g -O2  conftest.c >&5
configure:7706: $? = 0
configure:7779: gcc -o conftest -g -O2   conftest.c  >&5
configure:7779: $? = 0
configure:7779: ./conftest
configure:7779: $? = 0
configure:7790: result: yes
configure:7803: checking for sys/types.h
configure:7803: gcc -c -g -O2  conftest.c >&5
configure:7803: $? = 0
configure:7803: result: yes
configure:7803: checking for sys/stat.h
configure:7803: gcc -c -g -O2  conftest.c >&5
configure:7803: $? = 0
configure:7803: result: yes
configure:7803: checking for stdlib.h
configure:7803: gcc -c -g -O2  conftest.c >&5
configure:7803: $? = 0
configure:7803: result: yes
configure:7803: checking for string.h
configure:7803: gcc -c -g -O2  conftest.c >&5
configure:7803: $? = 0
configure:7803: result: yes
configure:7803: checking for memory.h
configure:7803: gcc -c -g -O2  conftest.c >&5
configure:7803: $? = 0
configure:7803: result: yes
configure:7803: checking for strings.h
configure:7803: gcc -c -g -O2  conftest.c >&5
configure:7803: $? = 0
configure:7803: result: yes
configure:7803: checking for inttypes.h
configure:7803: gcc -c -g -O2  conftest.c >&5
configure:7803: $? = 0
configure:7803: result: yes
configure:7803: checking for stdint.h
configure:7803: gcc -c -g -O2  conftest.c >&5
configure:7803: $? = 0
configure:7803: result: yes
configure:7803: checking for unistd.h
configure:7803: gcc -c -g -O2  conftest.c >&5
configure:7803: $? = 0
configure:7803: result: yes
configure:7817: checking for dlfcn.h
configure:7817: gcc -c -g -O2  conftest.c >&5
configure:7817: $? = 0
configure:7817: result: yes
configure:8073: checking for objdir
configure:8088: result: .libs
configure:8352: checking if gcc supports -fno-rtti -fno-exceptions
configure:8370: gcc -c -g -O2  -fno-rtti -fno-exceptions conftest.c >&5
cc1: warning: command line option '-fno-rtti' is valid for C++/ObjC++ but not for C
configure:8374: $? = 0
configure:8387: result: no
configure:8745: checking for gcc option to produce PIC
configure:8752: result: -fPIC -DPIC
configure:8760: checking if gcc PIC flag -fPIC -DPIC works
configure:8778: gcc -c -g -O2  -fPIC -DPIC -DPIC conftest.c >&5
configure:8782: $? = 0
configure:8795: result: yes
configure:8824: checking if gcc static flag -static works
configure:8852: result: yes
configure:8867: checking if gcc supports -c -o file.o
configure:8888: gcc -c -g -O2  -o out/conftest2.o conftest.c >&5
configure:8892: $? = 0
configure:8914: result: yes
configure:8922: checking if gcc supports -c -o file.o
configure:8969: result: yes
configure:9002: checking whether the gcc linker (/usr/x86_64-slackware-linux/bin/ld -m elf_x86_64) supports shared libraries
configure:10261: result: yes
configure:10298: checking whether -lc should be explicitly linked in
configure:10306: gcc -c -g -O2  conftest.c >&5
configure:10309: $? = 0
configure:10324: gcc -shared  -fPIC -DPIC conftest.o  -v -Wl,-soname -Wl,conftest -o conftest 2\>\&1 \| /usr/bin/grep  -lc  \>/dev/null 2\>\&1
configure:10327: $? = 0
configure:10341: result: no
configure:10501: checking dynamic linker characteristics
configure:11082: gcc -o conftest -g -O2   -Wl,-rpath -Wl,/foo conftest.c  >&5
configure:11082: $? = 0
configure:11319: result: GNU/Linux ld.so
configure:11441: checking how to hardcode library paths into programs
configure:11466: result: immediate
configure:12014: checking whether stripping libraries is possible
configure:12019: result: yes
configure:12054: checking if libtool supports shared libraries
configure:12056: result: yes
configure:12059: checking whether to build shared libraries
configure:12084: result: yes
configure:12087: checking whether to build static libraries
configure:12091: result: yes
configure:12132: checking for cos in -lm
configure:12157: gcc -o conftest -g -O2   conftest.c -lm   >&5
conftest.c:30:6: warning: conflicting types for built-in function 'cos'
 char cos ();
      ^
configure:12157: $? = 0
configure:12166: result: yes
configure:12184: checking assert.h usability
configure:12184: gcc -c -g -O2  conftest.c >&5
configure:12184: $? = 0
configure:12184: result: yes
configure:12184: checking assert.h presence
configure:12184: gcc -E  conftest.c
configure:12184: $? = 0
configure:12184: result: yes
configure:12184: checking for assert.h
configure:12184: result: yes
configure:12184: checking stdbool.h usability
configure:12184: gcc -c -g -O2  conftest.c >&5
configure:12184: $? = 0
configure:12184: result: yes
configure:12184: checking stdbool.h presence
configure:12184: gcc -E  conftest.c
configure:12184: $? = 0
configure:12184: result: yes
configure:12184: checking for stdbool.h
configure:12184: result: yes
configure:12184: checking stdio.h usability
configure:12184: gcc -c -g -O2  conftest.c >&5
configure:12184: $? = 0
configure:12184: result: yes
configure:12184: checking stdio.h presence
configure:12184: gcc -E  conftest.c
configure:12184: $? = 0
configure:12184: result: yes
configure:12184: checking for stdio.h
configure:12184: result: yes
configure:12184: checking for stdlib.h
configure:12184: result: yes
configure:12184: checking for string.h
configure:12184: result: yes
configure:12184: checking math.h usability
configure:12184: gcc -c -g -O2  conftest.c >&5
configure:12184: $? = 0
configure:12184: result: yes
configure:12184: checking math.h presence
configure:12184: gcc -E  conftest.c
configure:12184: $? = 0
configure:12184: result: yes
configure:12184: checking for math.h
configure:12184: result: yes
configure:12184: checking for assert.h
configure:12184: result: yes
configure:12184: checking for stdint.h
configure:12184: result: yes
configure:12314: checking for doxygen
configure:12332: found /usr/bin/doxygen
configure:12344: result: /usr/bin/doxygen
configure:12420: checking for perl
configure:12438: found /usr/bin/perl
configure:12450: result: /usr/bin/perl
configure:13707: checking for pdflatex
configure:13725: found /usr/bin/pdflatex
configure:13737: result: /usr/bin/pdflatex
configure:13813: checking for makeindex
configure:13831: found /usr/bin/makeindex
configure:13843: result: /usr/bin/makeindex
configure:13919: checking for egrep
configure:13937: found /usr/bin/egrep
configure:13949: result: /usr/bin/egrep
configure:14159: checking that generated files are newer than configure
configure:14165: result: done
configure:14236: creating ./config.status

## ---------------------- ##
## Running config.status. ##
## ---------------------- ##

This file was extended by libbds config.status 0.0.0, which was
generated by GNU Autoconf 2.69.  Invocation command line was

  CONFIG_FILES    = 
  CONFIG_HEADERS  = 
  CONFIG_LINKS    = 
  CONFIG_COMMANDS = 
  $ ./config.status 

on wrangler.crucible.ddns.net

config.status:1145: creating Makefile
config.status:1145: creating libbds/Makefile
config.status:1145: creating queue/Makefile
config.status:1145: creating stack/Makefile
config.status:1145: creating config.h
config.status:1374: executing depfiles commands
config.status:1374: executing libtool commands

## ---------------- ##
## Cache variables. ##
## ---------------- ##

ac_cv_build=x86_64-unknown-linux-gnu
ac_cv_c_compiler_gnu=yes
ac_cv_env_CC_set=
ac_cv_env_CC_value=
ac_cv_env_CFLAGS_set=
ac_cv_env_CFLAGS_value=
ac_cv_env_CPPFLAGS_set=
ac_cv_env_CPPFLAGS_value=
ac_cv_env_CPP_set=
ac_cv_env_CPP_value=
ac_cv_env_DOXYGEN_PAPER_SIZE_set=
ac_cv_env_DOXYGEN_PAPER_SIZE_value=
ac_cv_env_LDFLAGS_set=
ac_cv_env_LDFLAGS_value=
ac_cv_env_LIBS_set=
ac_cv_env_LIBS_value=
ac_cv_env_LT_SYS_LIBRARY_PATH_set=
ac_cv_env_LT_SYS_LIBRARY_PATH_value=
ac_cv_env_build_alias_set=
ac_cv_env_build_alias_value=
ac_cv_env_host_alias_set=
ac_cv_env_host_alias_value=
ac_cv_env_target_alias_set=
ac_cv_env_target_alias_value=
ac_cv_header_assert_h=yes
ac_cv_header_dlfcn_h=yes
ac_cv_header_inttypes_h=yes
ac_cv_header_math_h=yes
ac_cv_header_memory_h=yes
ac_cv_header_stdbool_h=yes
ac_cv_header_stdc=yes
ac_cv_header_stdint_h=yes
ac_cv_header_stdio_h=yes
ac_cv_header_stdlib_h=yes
ac_cv_header_string_h=yes
ac_cv_header_strings_h=yes
ac_cv_header_sys_stat_h=yes
ac_cv_header_sys_types_h=yes
ac_cv_header_unistd_h=yes
ac_cv_host=x86_64-unknown-linux-gnu
ac_cv_lib_m_cos=yes
ac_cv_objext=o
ac_cv_path_EGREP='/usr/bin/grep -E'
ac_cv_path_FGREP='/usr/bin/grep -F'
ac_cv_path_GREP=/usr/bin/grep
ac_cv_path_SED=/usr/bin/sed
ac_cv_path_ac_pt_DX_DOXYGEN=/usr/bin/doxygen
ac_cv_path_ac_pt_DX_EGREP=/usr/bin/egrep
ac_cv_path_ac_pt_DX_MAKEINDEX=/usr/bin/makeindex
ac_cv_path_ac_pt_DX_PDFLATEX=/usr/bin/pdflatex
ac_cv_path_ac_pt_DX_PERL=/usr/bin/perl
ac_cv_path_install='/usr/bin/ginstall -c'
ac_cv_path_lt_DD=/usr/bin/dd
ac_cv_path_mkdir=/usr/bin/mkdir
ac_cv_prog_AWK=gawk
ac_cv_prog_CPP='gcc -E'
ac_cv_prog_ac_ct_AR=ar
ac_cv_prog_ac_ct_CC=gcc
ac_cv_prog_ac_ct_DLLTOOL=dlltool
ac_cv_prog_ac_ct_MANIFEST_TOOL=mt
ac_cv_prog_ac_ct_OBJDUMP=objdump
ac_cv_prog_ac_ct_RANLIB=ranlib
ac_cv_prog_ac_ct_STRIP=strip
ac_cv_prog_cc_c89=
ac_cv_prog_cc_g=yes
ac_cv_prog_make_make_set=yes
am_cv_CC_dependencies_compiler_type=gcc3
am_cv_make_support_nested_variables=yes
am_cv_prog_cc_c_o=yes
lt_cv_ar_at_file=@
lt_cv_archive_cmds_need_lc=no
lt_cv_deplibs_check_method=pass_all
lt_cv_file_magic_cmd='$MAGIC_CMD'
lt_cv_file_magic_test_file=
lt_cv_ld_reload_flag=-r
lt_cv_nm_interface='BSD nm'
lt_cv_objdir=.libs
lt_cv_path_LD=/usr/x86_64-slackware-linux/bin/ld
lt_cv_path_NM='/usr/bin/nm -B'
lt_cv_path_mainfest_tool=no
lt_cv_prog_compiler_c_o=yes
lt_cv_prog_compiler_pic='-fPIC -DPIC'
lt_cv_prog_compiler_pic_works=yes
lt_cv_prog_compiler_rtti_exceptions=no
lt_cv_prog_compiler_static_works=yes
lt_cv_prog_gnu_ld=yes
lt_cv_sharedlib_from_linklib_cmd='printf %s\n'
lt_cv_shlibpath_overrides_runpath=no
lt_cv_sys_global_symbol_pipe='sed -n -e '\''s/^.*[	 ]\([ABCDGIRSTW][ABCDGIRSTW]*\)[	 ][	 ]*\([_A-Za-z][_A-Za-z0-9]*\)$/\1 \2 \2/p'\'' | sed '\''/ __gnu_lto/d'\'''
lt_cv_sys_global_symbol_to_c_name_address='sed -n -e '\''s/^: \(.*\) .*$/  {"\1", (void *) 0},/p'\'' -e '\''s/^[ABCDGIRSTW][ABCDGIRSTW]* .* \(.*\)$/  {"\1", (void *) \&\1},/p'\'''
lt_cv_sys_global_symbol_to_c_name_address_lib_prefix='sed -n -e '\''s/^: \(.*\) .*$/  {"\1", (void *) 0},/p'\'' -e '\''s/^[ABCDGIRSTW][ABCDGIRSTW]* .* \(lib.*\)$/  {"\1", (void *) \&\1},/p'\'' -e '\''s/^[ABCDGIRSTW][ABCDGIRSTW]* .* \(.*\)$/  {"lib\1", (void *) \&\1},/p'\'''
lt_cv_sys_global_symbol_to_cdecl='sed -n -e '\''s/^T .* \(.*\)$/extern int \1();/p'\'' -e '\''s/^[ABCDGIRSTW][ABCDGIRSTW]* .* \(.*\)$/extern char \1;/p'\'''
lt_cv_sys_global_symbol_to_import=
lt_cv_sys_max_cmd_len=1572864
lt_cv_to_host_file_cmd=func_convert_file_noop
lt_cv_to_tool_file_cmd=func_convert_file_noop
lt_cv_truncate_bin='/usr/bin/dd bs=4096 count=1'

## ----------------- ##
## Output variables. ##
## ----------------- ##

ACLOCAL='${SHELL} /home/grahajs1/desktop/xcl/libbds/missing aclocal-1.15'
AMDEPBACKSLASH='\'
AMDEP_FALSE='#'
AMDEP_TRUE=''
AMTAR='$${TAR-tar}'
AM_BACKSLASH='\'
AM_DEFAULT_V='$(AM_DEFAULT_VERBOSITY)'
AM_DEFAULT_VERBOSITY='1'
AM_V='$(V)'
AR='ar'
AUTOCONF='${SHELL} /home/grahajs1/desktop/xcl/libbds/missing autoconf'
AUTOHEADER='${SHELL} /home/grahajs1/desktop/xcl/libbds/missing autoheader'
AUTOMAKE='${SHELL} /home/grahajs1/desktop/xcl/libbds/missing automake-1.15'
AWK='gawk'
CC='gcc'
CCDEPMODE='depmode=gcc3'
CFLAGS='-g -O2 -std=c99'
CPP='gcc -E'
CPPFLAGS=''
CYGPATH_W='echo'
DEFS='-DHAVE_CONFIG_H'
DEPDIR='.deps'
DLLTOOL='dlltool'
DOXYGEN_PAPER_SIZE=''
DSYMUTIL=''
DUMPBIN=''
DX_COND_chi_FALSE=''
DX_COND_chi_TRUE='#'
DX_COND_chm_FALSE=''
DX_COND_chm_TRUE='#'
DX_COND_doc_FALSE='#'
DX_COND_doc_TRUE=''
DX_COND_dot_FALSE=''
DX_COND_dot_TRUE='#'
DX_COND_html_FALSE='#'
DX_COND_html_TRUE=''
DX_COND_latex_FALSE='#'
DX_COND_latex_TRUE=''
DX_COND_man_FALSE='#'
DX_COND_man_TRUE=''
DX_COND_pdf_FALSE='#'
DX_COND_pdf_TRUE=''
DX_COND_ps_FALSE=''
DX_COND_ps_TRUE='#'
DX_COND_rtf_FALSE=''
DX_COND_rtf_TRUE='#'
DX_COND_xml_FALSE=''
DX_COND_xml_TRUE='#'
DX_CONFIG='doxygen/doxygen.cfg'
DX_DOCDIR='docs'
DX_DOT=''
DX_DOXYGEN='/usr/bin/doxygen'
DX_DVIPS=''
DX_EGREP='/usr/bin/egrep'
DX_ENV=' SRCDIR='\''.'\'' PROJECT='\''libbds'\'' DOCDIR='\''docs'\'' VERSION='\''0.0.0'\'' PERL_PATH='\''/usr/bin/perl'\'' HAVE_DOT='\''NO'\'' GENERATE_MAN='\''YES'\'' GENERATE_RTF='\''NO'\'' GENERATE_XML='\''NO'\'' GENERATE_HTMLHELP='\''NO'\'' GENERATE_CHI='\''NO'\'' GENERATE_HTML='\''YES'\'' GENERATE_LATEX='\''YES'\'''
DX_FLAG_chi='0'
DX_FLAG_chm='0'
DX_FLAG_doc='1'
DX_FLAG_dot='0'
DX_FLAG_html='1'
DX_FLAG_man='1'
DX_FLAG_pdf='1'
DX_FLAG_ps='0'
DX_FLAG_rtf='0'
DX_FLAG_xml='0'
DX_HHC=''
DX_LATEX=''
DX_MAKEINDEX='/usr/bin/makeindex'
DX_PDFLATEX='/usr/bin/pdflatex'
DX_PERL='/usr/bin/perl'
DX_PROJECT='libbds'
ECHO_C=''
ECHO_N='-n'
ECHO_T=''
EGREP='/usr/bin/grep -E'
EXEEXT=''
FGREP='/usr/bin/grep -F'
GREP='/usr/bin/grep'
INSTALL_DATA='${INSTALL} -m 644'
INSTALL_PROGRAM='${INSTALL}'
INSTALL_SCRIPT='${INSTALL}'
INSTALL_STRIP_PROGRAM='$(install_sh) -c -s'
LD='/usr/x86_64-slackware-linux/bin/ld -m elf_x86_64'
LDFLAGS=''
LIBOBJS=''
LIBS='-lm '
LIBTOOL='$(SHELL) $(top_builddir)/libtool'
LIPO=''
LN_S='ln -s'
LTLIBOBJS=''
LT_SYS_LIBRARY_PATH=''
MAINT='#'
MAINTAINER_MODE_FALSE=''
MAINTAINER_MODE_TRUE='#'
MAKEINFO='${SHELL} /home/grahajs1/desktop/xcl/libbds/missing makeinfo'
MANIFEST_TOOL=':'
MKDIR_P='/usr/bin/mkdir -p'
NM='/usr/bin/nm -B'
NMEDIT=''
OBJDUMP='objdump'
OBJEXT='o'
OTOOL64=''
OTOOL=''
PACKAGE='libbds'
PACKAGE_BUGREPORT='jgraha8@gmail.com'
PACKAGE_NAME='libbds'
PACKAGE_STRING='libbds 0.0.0'
PACKAGE_TARNAME='libbds'
PACKAGE_URL=''
PACKAGE_VERSION='0.0.0'
PATH_SEPARATOR=':'
RANLIB='ranlib'
SED='/usr/bin/sed'
SET_MAKE=''
SHELL='/bin/sh'
STRIP='strip'
VERSION='0.0.0'
ac_ct_AR='ar'
ac_ct_CC='gcc'
ac_ct_DUMPBIN=''
am__EXEEXT_FALSE=''
am__EXEEXT_TRUE='#'
am__fastdepCC_FALSE='#'
am__fastdepCC_TRUE=''
am__include='include'
am__isrc=''
am__leading_dot='.'
am__nodep='_no'
am__quote=''
am__tar='$${TAR-tar} chof - "$$tardir"'
am__untar='$${TAR-tar} xf -'
bindir='${exec_prefix}/bin'
build='x86_64-unknown-linux-gnu'
build_alias=''
build_cpu='x86_64'
build_os='linux-gnu'
build_vendor='unknown'
datadir='${datarootdir}'
datarootdir='${prefix}/share'
docdir='${datarootdir}/doc/${PACKAGE_TARNAME}'
dvidir='${docdir}'
exec_prefix='${prefix}'
host='x86_64-unknown-linux-gnu'
host_alias=''
host_cpu='x86_64'
host_os='linux-gnu'
host_vendor='unknown'
htmldir='${docdir}'
includedir='${prefix}/include'
infodir='${datarootdir}/info'
install_sh='${SHELL} /home/grahajs1/desktop/xcl/libbds/install-sh'
libdir='${exec_prefix}/lib'
libexecdir='${exec_prefix}/libexec'
localedir='${datarootdir}/locale'
localstatedir='${prefix}/var'
mandir='${datarootdir}/man'
mkdir_p='$(MKDIR_P)'
oldincludedir='/usr/include'
pdfdir='${docdir}'
prefix='/usr/local'
program_transform_name='s,x,x,'
psdir='${docdir}'
sbindir='${exec_prefix}/sbin'
sharedstatedir='${prefix}/com'
sysconfdir='${prefix}/etc'
target_alias=''

## ----------- ##
## confdefs.h. ##
## ----------- ##

/* confdefs.h */
#define PACKAGE_NAME "libbds"
#define PACKAGE_TARNAME "libbds"
#define PACKAGE_VERSION "0.0.0"
#define PACKAGE_STRING "libbds 0.0.0"
#define PACKAGE_BUGREPORT "jgraha8@gmail.com"
#define PACKAGE_URL ""
#define PACKAGE "libbds"
#define VERSION "0.0.0"
#define STDC_HEADERS 1
#define HAVE_SYS_TYPES_H 1
#define HAVE_SYS_STAT_H 1
#define HAVE_STDLIB_H 1
#define HAVE_STRING_H 1
#define HAVE_MEMORY_H 1
#define HAVE_STRINGS_H 1
#define HAVE_INTTYPES_H 1
#define HAVE_STDINT_H 1
#define HAVE_UNISTD_H 1
#define HAVE_DLFCN_H 1
#define LT_OBJDIR ".libs/"
#define HAVE_LIBM 1
#define HAVE_ASSERT_H 1
#define HAVE_STDBOOL_H 1
#define HAVE_STDIO_H 1
#define HAVE_STDLIB_H 1
#define HAVE_STRING_H 1
#define HAVE_MATH_H 1
#define HAVE_ASSERT_H 1
#define HAVE_STDINT_H 1

configure: exit 0
